<?xml version="1.0" encoding="UTF-8"?>
<!-- Generated by org.testng.reporters.JUnitReportReporter -->
<testsuite skipped="0" hostname="DESKTOP-UNE8MP0" name="com.testscripts.cafeTownSend.EmployeeListTest" tests="1" failures="0" timestamp="23 Jan 2020 17:40:59 GMT" time="24.567" errors="0">
  <testcase name="verifyCreateEmployeeFunction" time="24.567" classname="com.testscripts.cafeTownSend.EmployeeListTest"/>
</testsuite> <!-- com.testscripts.cafeTownSend.EmployeeListTest -->
