<?xml version="1.0" encoding="UTF-8"?>
<!-- Generated by org.testng.reporters.JUnitReportReporter -->
<testsuite skipped="0" hostname="DESKTOP-UNE8MP0" name="com.testscripts.cafeTownSend.LoginTest" tests="2" failures="0" timestamp="23 Jan 2020 17:40:59 GMT" time="41.992" errors="0">
  <testcase name="verifyUserLoginWithValidCreds" time="20.184" classname="com.testscripts.cafeTownSend.LoginTest"/>
  <testcase name="verifyUserLoginWithInValidCreds" time="21.808" classname="com.testscripts.cafeTownSend.LoginTest"/>
</testsuite> <!-- com.testscripts.cafeTownSend.LoginTest -->
